<?xml version="1.0" encoding="UTF-8"?>
<!-- Generated by org.testng.reporters.JUnitReportReporter -->
<testsuite hostname="DESKTOP-SJMVNDM" failures="0" tests="1" name="testCases.TC002LoginTest" time="4.868" errors="0" timestamp="2024-08-02T12:57:41 GMT-04:00" skipped="0">
  <testcase classname="testCases.TC002LoginTest" name="verifyLogin" time="4.868"/>
</testsuite> <!-- testCases.TC002LoginTest -->
