<?xml version="1.0" encoding="UTF-8"?>
<!-- Generated by org.testng.reporters.JUnitReportReporter -->
<testsuite hostname="DESKTOP-SJMVNDM" failures="0" tests="1" name="testCases.TC001TestAccountRegistrationPage" time="7.957" errors="0" timestamp="2024-08-02T15:34:52 GMT-04:00" skipped="0">
  <testcase classname="testCases.TC001TestAccountRegistrationPage" name="tc001registraion" time="7.957"/>
</testsuite> <!-- testCases.TC001TestAccountRegistrationPage -->
